{"/home/dverweire/projects/wankdanker/node-aloof/index.js": {"path":"/home/dverweire/projects/wankdanker/node-aloof/index.js","all":false,"statementMap":{"0":{"start":{"line":1,"column":0},"end":{"line":1,"column":24}},"1":{"start":{"line":2,"column":0},"end":{"line":2,"column":59}},"2":{"start":{"line":3,"column":0},"end":{"line":3,"column":51}},"3":{"start":{"line":4,"column":0},"end":{"line":4,"column":3}},"4":{"start":{"line":5,"column":0},"end":{"line":5,"column":39}},"5":{"start":{"line":6,"column":0},"end":{"line":6,"column":3}},"6":{"start":{"line":7,"column":0},"end":{"line":7,"column":34}},"7":{"start":{"line":8,"column":0},"end":{"line":8,"column":34}},"8":{"start":{"line":9,"column":0},"end":{"line":9,"column":3}},"9":{"start":{"line":10,"column":0},"end":{"line":10,"column":24}},"10":{"start":{"line":11,"column":0},"end":{"line":11,"column":4}},"11":{"start":{"line":12,"column":0},"end":{"line":12,"column":24}},"12":{"start":{"line":13,"column":0},"end":{"line":13,"column":25}},"13":{"start":{"line":14,"column":0},"end":{"line":14,"column":27}},"14":{"start":{"line":15,"column":0},"end":{"line":15,"column":25}},"15":{"start":{"line":16,"column":0},"end":{"line":16,"column":27}},"16":{"start":{"line":17,"column":0},"end":{"line":17,"column":23}},"17":{"start":{"line":18,"column":0},"end":{"line":18,"column":25}},"18":{"start":{"line":19,"column":0},"end":{"line":19,"column":23}},"19":{"start":{"line":20,"column":0},"end":{"line":20,"column":25}},"20":{"start":{"line":21,"column":0},"end":{"line":21,"column":32}},"21":{"start":{"line":22,"column":0},"end":{"line":22,"column":38}},"22":{"start":{"line":23,"column":0},"end":{"line":23,"column":56}},"23":{"start":{"line":24,"column":0},"end":{"line":24,"column":54}},"24":{"start":{"line":25,"column":0},"end":{"line":25,"column":45}},"25":{"start":{"line":26,"column":0},"end":{"line":26,"column":46}},"26":{"start":{"line":27,"column":0},"end":{"line":27,"column":53}},"27":{"start":{"line":28,"column":0},"end":{"line":28,"column":46}},"28":{"start":{"line":29,"column":0},"end":{"line":29,"column":53}},"29":{"start":{"line":30,"column":0},"end":{"line":30,"column":22}},"30":{"start":{"line":31,"column":0},"end":{"line":31,"column":21}},"31":{"start":{"line":32,"column":0},"end":{"line":32,"column":2}},"33":{"start":{"line":34,"column":0},"end":{"line":34,"column":26}},"34":{"start":{"line":35,"column":0},"end":{"line":35,"column":42}},"35":{"start":{"line":36,"column":0},"end":{"line":36,"column":40}},"36":{"start":{"line":37,"column":0},"end":{"line":37,"column":2}},"38":{"start":{"line":39,"column":0},"end":{"line":39,"column":24}},"40":{"start":{"line":41,"column":0},"end":{"line":41,"column":32}},"41":{"start":{"line":42,"column":0},"end":{"line":42,"column":27}},"42":{"start":{"line":43,"column":0},"end":{"line":43,"column":14}},"43":{"start":{"line":44,"column":0},"end":{"line":44,"column":2}},"44":{"start":{"line":45,"column":0},"end":{"line":45,"column":1}},"45":{"start":{"line":46,"column":0},"end":{"line":46,"column":43}},"46":{"start":{"line":47,"column":0},"end":{"line":47,"column":1}},"48":{"start":{"line":49,"column":0},"end":{"line":49,"column":51}},"50":{"start":{"line":51,"column":0},"end":{"line":51,"column":40}},"51":{"start":{"line":52,"column":0},"end":{"line":52,"column":40}},"52":{"start":{"line":53,"column":0},"end":{"line":53,"column":12}},"53":{"start":{"line":54,"column":0},"end":{"line":54,"column":48}},"54":{"start":{"line":55,"column":0},"end":{"line":55,"column":10}},"55":{"start":{"line":56,"column":0},"end":{"line":56,"column":57}},"56":{"start":{"line":57,"column":0},"end":{"line":57,"column":16}},"57":{"start":{"line":58,"column":0},"end":{"line":58,"column":52}},"58":{"start":{"line":59,"column":0},"end":{"line":59,"column":12}},"59":{"start":{"line":60,"column":0},"end":{"line":60,"column":54}},"60":{"start":{"line":61,"column":0},"end":{"line":61,"column":14}},"61":{"start":{"line":62,"column":0},"end":{"line":62,"column":55}},"62":{"start":{"line":63,"column":0},"end":{"line":63,"column":16}},"63":{"start":{"line":64,"column":0},"end":{"line":64,"column":36}},"64":{"start":{"line":65,"column":0},"end":{"line":65,"column":8}},"65":{"start":{"line":66,"column":0},"end":{"line":66,"column":4}},"66":{"start":{"line":67,"column":0},"end":{"line":67,"column":11}},"67":{"start":{"line":68,"column":0},"end":{"line":68,"column":4}},"68":{"start":{"line":69,"column":0},"end":{"line":69,"column":22}},"69":{"start":{"line":70,"column":0},"end":{"line":70,"column":4}},"70":{"start":{"line":71,"column":0},"end":{"line":71,"column":12}},"71":{"start":{"line":72,"column":0},"end":{"line":72,"column":4}},"72":{"start":{"line":73,"column":0},"end":{"line":73,"column":18}},"73":{"start":{"line":74,"column":0},"end":{"line":74,"column":4}},"74":{"start":{"line":75,"column":0},"end":{"line":75,"column":15}},"75":{"start":{"line":76,"column":0},"end":{"line":76,"column":3}},"76":{"start":{"line":77,"column":0},"end":{"line":77,"column":1}},"77":{"start":{"line":78,"column":0},"end":{"line":78,"column":33}},"78":{"start":{"line":79,"column":0},"end":{"line":79,"column":31}},"79":{"start":{"line":80,"column":0},"end":{"line":80,"column":22}},"80":{"start":{"line":81,"column":0},"end":{"line":81,"column":2}},"81":{"start":{"line":82,"column":0},"end":{"line":82,"column":1}},"82":{"start":{"line":83,"column":0},"end":{"line":83,"column":27}},"83":{"start":{"line":84,"column":0},"end":{"line":84,"column":60}},"84":{"start":{"line":85,"column":0},"end":{"line":85,"column":29}},"85":{"start":{"line":86,"column":0},"end":{"line":86,"column":2}},"86":{"start":{"line":87,"column":0},"end":{"line":87,"column":16}},"87":{"start":{"line":88,"column":0},"end":{"line":88,"column":2}},"88":{"start":{"line":89,"column":0},"end":{"line":89,"column":32}},"89":{"start":{"line":90,"column":0},"end":{"line":90,"column":37}},"90":{"start":{"line":91,"column":0},"end":{"line":91,"column":34}},"91":{"start":{"line":92,"column":0},"end":{"line":92,"column":3}},"92":{"start":{"line":93,"column":0},"end":{"line":93,"column":36}},"93":{"start":{"line":94,"column":0},"end":{"line":94,"column":29}},"94":{"start":{"line":95,"column":0},"end":{"line":95,"column":38}},"95":{"start":{"line":96,"column":0},"end":{"line":96,"column":4}},"96":{"start":{"line":97,"column":0},"end":{"line":97,"column":3}},"97":{"start":{"line":98,"column":0},"end":{"line":98,"column":78}},"98":{"start":{"line":99,"column":0},"end":{"line":99,"column":36}},"99":{"start":{"line":100,"column":0},"end":{"line":100,"column":4}},"100":{"start":{"line":101,"column":0},"end":{"line":101,"column":48}},"102":{"start":{"line":103,"column":0},"end":{"line":103,"column":63}},"103":{"start":{"line":104,"column":0},"end":{"line":104,"column":65}},"104":{"start":{"line":105,"column":0},"end":{"line":105,"column":5}},"105":{"start":{"line":106,"column":0},"end":{"line":106,"column":10}},"106":{"start":{"line":107,"column":0},"end":{"line":107,"column":55}},"107":{"start":{"line":108,"column":0},"end":{"line":108,"column":5}},"109":{"start":{"line":110,"column":0},"end":{"line":110,"column":18}},"110":{"start":{"line":111,"column":0},"end":{"line":111,"column":44}},"111":{"start":{"line":112,"column":0},"end":{"line":112,"column":101}},"112":{"start":{"line":113,"column":0},"end":{"line":113,"column":102}},"113":{"start":{"line":114,"column":0},"end":{"line":114,"column":6}},"114":{"start":{"line":115,"column":0},"end":{"line":115,"column":4}},"115":{"start":{"line":116,"column":0},"end":{"line":116,"column":4}},"116":{"start":{"line":117,"column":0},"end":{"line":117,"column":2}},"117":{"start":{"line":118,"column":0},"end":{"line":118,"column":58}},"118":{"start":{"line":119,"column":0},"end":{"line":119,"column":3}},"119":{"start":{"line":120,"column":0},"end":{"line":120,"column":1}},"120":{"start":{"line":121,"column":0},"end":{"line":121,"column":52}},"121":{"start":{"line":122,"column":0},"end":{"line":122,"column":28}},"122":{"start":{"line":123,"column":0},"end":{"line":123,"column":46}},"123":{"start":{"line":124,"column":0},"end":{"line":124,"column":22}},"124":{"start":{"line":125,"column":0},"end":{"line":125,"column":51}},"125":{"start":{"line":126,"column":0},"end":{"line":126,"column":26}},"126":{"start":{"line":127,"column":0},"end":{"line":127,"column":9}},"127":{"start":{"line":128,"column":0},"end":{"line":128,"column":8}},"128":{"start":{"line":129,"column":0},"end":{"line":129,"column":21}},"129":{"start":{"line":130,"column":0},"end":{"line":130,"column":8}},"130":{"start":{"line":131,"column":0},"end":{"line":131,"column":1}},"131":{"start":{"line":132,"column":0},"end":{"line":132,"column":16}},"132":{"start":{"line":133,"column":0},"end":{"line":133,"column":1}},"133":{"start":{"line":134,"column":0},"end":{"line":134,"column":23}},"134":{"start":{"line":135,"column":0},"end":{"line":135,"column":1}},"136":{"start":{"line":137,"column":0},"end":{"line":137,"column":29}},"137":{"start":{"line":138,"column":0},"end":{"line":138,"column":18}},"138":{"start":{"line":139,"column":0},"end":{"line":139,"column":16}},"139":{"start":{"line":140,"column":0},"end":{"line":140,"column":25}},"140":{"start":{"line":141,"column":0},"end":{"line":141,"column":19}},"141":{"start":{"line":142,"column":0},"end":{"line":142,"column":1}},"142":{"start":{"line":143,"column":0},"end":{"line":143,"column":42}},"143":{"start":{"line":144,"column":0},"end":{"line":144,"column":20}},"144":{"start":{"line":145,"column":0},"end":{"line":145,"column":2}},"145":{"start":{"line":146,"column":0},"end":{"line":146,"column":72}},"146":{"start":{"line":147,"column":0},"end":{"line":147,"column":15}},"147":{"start":{"line":148,"column":0},"end":{"line":148,"column":9}},"148":{"start":{"line":149,"column":0},"end":{"line":149,"column":3}},"149":{"start":{"line":150,"column":0},"end":{"line":150,"column":8}},"150":{"start":{"line":151,"column":0},"end":{"line":151,"column":30}},"151":{"start":{"line":152,"column":0},"end":{"line":152,"column":3}},"152":{"start":{"line":153,"column":0},"end":{"line":153,"column":2}},"154":{"start":{"line":155,"column":0},"end":{"line":155,"column":37}},"155":{"start":{"line":156,"column":0},"end":{"line":156,"column":1}},"157":{"start":{"line":158,"column":0},"end":{"line":158,"column":23}},"158":{"start":{"line":159,"column":0},"end":{"line":159,"column":21}},"159":{"start":{"line":160,"column":0},"end":{"line":160,"column":22}},"161":{"start":{"line":162,"column":0},"end":{"line":162,"column":23}},"162":{"start":{"line":163,"column":0},"end":{"line":163,"column":27}},"163":{"start":{"line":164,"column":0},"end":{"line":164,"column":1}},"165":{"start":{"line":166,"column":0},"end":{"line":166,"column":27}},"167":{"start":{"line":168,"column":0},"end":{"line":168,"column":26}},"168":{"start":{"line":169,"column":0},"end":{"line":169,"column":17}},"169":{"start":{"line":170,"column":0},"end":{"line":170,"column":1}},"170":{"start":{"line":171,"column":0},"end":{"line":171,"column":18}},"171":{"start":{"line":172,"column":0},"end":{"line":172,"column":1}},"172":{"start":{"line":173,"column":0},"end":{"line":173,"column":21}},"173":{"start":{"line":174,"column":0},"end":{"line":174,"column":25}},"174":{"start":{"line":175,"column":0},"end":{"line":175,"column":28}},"175":{"start":{"line":176,"column":0},"end":{"line":176,"column":1}},"176":{"start":{"line":177,"column":0},"end":{"line":177,"column":38}},"177":{"start":{"line":178,"column":0},"end":{"line":178,"column":27}},"178":{"start":{"line":179,"column":0},"end":{"line":179,"column":23}},"179":{"start":{"line":180,"column":0},"end":{"line":180,"column":28}},"180":{"start":{"line":181,"column":0},"end":{"line":181,"column":1}},"181":{"start":{"line":182,"column":0},"end":{"line":182,"column":22}},"182":{"start":{"line":183,"column":0},"end":{"line":183,"column":24}},"183":{"start":{"line":184,"column":0},"end":{"line":184,"column":23}},"184":{"start":{"line":185,"column":0},"end":{"line":185,"column":1}},"186":{"start":{"line":187,"column":0},"end":{"line":187,"column":20}},"187":{"start":{"line":188,"column":0},"end":{"line":188,"column":20}},"188":{"start":{"line":189,"column":0},"end":{"line":189,"column":22}},"189":{"start":{"line":190,"column":0},"end":{"line":190,"column":28}},"190":{"start":{"line":191,"column":0},"end":{"line":191,"column":23}},"191":{"start":{"line":192,"column":0},"end":{"line":192,"column":27}},"192":{"start":{"line":193,"column":0},"end":{"line":193,"column":22}},"193":{"start":{"line":194,"column":0},"end":{"line":194,"column":7}},"194":{"start":{"line":195,"column":0},"end":{"line":195,"column":1}},"195":{"start":{"line":196,"column":0},"end":{"line":196,"column":19}},"196":{"start":{"line":197,"column":0},"end":{"line":197,"column":22}},"197":{"start":{"line":198,"column":0},"end":{"line":198,"column":25}},"198":{"start":{"line":199,"column":0},"end":{"line":199,"column":28}},"199":{"start":{"line":200,"column":0},"end":{"line":200,"column":1}},"200":{"start":{"line":201,"column":0},"end":{"line":201,"column":17}},"201":{"start":{"line":202,"column":0},"end":{"line":202,"column":20}},"202":{"start":{"line":203,"column":0},"end":{"line":203,"column":22}},"203":{"start":{"line":204,"column":0},"end":{"line":204,"column":25}},"204":{"start":{"line":205,"column":0},"end":{"line":205,"column":1}},"205":{"start":{"line":206,"column":0},"end":{"line":206,"column":25}},"206":{"start":{"line":207,"column":0},"end":{"line":207,"column":35}},"207":{"start":{"line":208,"column":0},"end":{"line":208,"column":1}},"208":{"start":{"line":209,"column":0},"end":{"line":209,"column":25}},"209":{"start":{"line":210,"column":0},"end":{"line":210,"column":35}},"210":{"start":{"line":211,"column":0},"end":{"line":211,"column":1}},"211":{"start":{"line":212,"column":0},"end":{"line":212,"column":23}},"212":{"start":{"line":213,"column":0},"end":{"line":213,"column":22}},"213":{"start":{"line":214,"column":0},"end":{"line":214,"column":21}},"214":{"start":{"line":215,"column":0},"end":{"line":215,"column":15}},"215":{"start":{"line":216,"column":0},"end":{"line":216,"column":8}},"216":{"start":{"line":217,"column":0},"end":{"line":217,"column":5}},"217":{"start":{"line":218,"column":0},"end":{"line":218,"column":2}},"219":{"start":{"line":220,"column":0},"end":{"line":220,"column":39}},"220":{"start":{"line":221,"column":0},"end":{"line":221,"column":42}},"221":{"start":{"line":222,"column":0},"end":{"line":222,"column":37}},"222":{"start":{"line":223,"column":0},"end":{"line":223,"column":68}},"223":{"start":{"line":224,"column":0},"end":{"line":224,"column":19}},"224":{"start":{"line":225,"column":0},"end":{"line":225,"column":3}},"225":{"start":{"line":226,"column":0},"end":{"line":226,"column":26}},"226":{"start":{"line":227,"column":0},"end":{"line":227,"column":30}},"227":{"start":{"line":228,"column":0},"end":{"line":228,"column":63}},"228":{"start":{"line":229,"column":0},"end":{"line":229,"column":3}},"229":{"start":{"line":230,"column":0},"end":{"line":230,"column":25}},"230":{"start":{"line":231,"column":0},"end":{"line":231,"column":28}},"231":{"start":{"line":232,"column":0},"end":{"line":232,"column":18}},"232":{"start":{"line":233,"column":0},"end":{"line":233,"column":19}},"233":{"start":{"line":234,"column":0},"end":{"line":234,"column":4}},"234":{"start":{"line":235,"column":0},"end":{"line":235,"column":3}},"235":{"start":{"line":236,"column":0},"end":{"line":236,"column":53}},"236":{"start":{"line":237,"column":0},"end":{"line":237,"column":3}},"237":{"start":{"line":238,"column":0},"end":{"line":238,"column":26}},"238":{"start":{"line":239,"column":0},"end":{"line":239,"column":36}},"239":{"start":{"line":240,"column":0},"end":{"line":240,"column":3}},"240":{"start":{"line":241,"column":0},"end":{"line":241,"column":15}},"241":{"start":{"line":242,"column":0},"end":{"line":242,"column":4}},"242":{"start":{"line":243,"column":0},"end":{"line":243,"column":46}},"243":{"start":{"line":244,"column":0},"end":{"line":244,"column":1}},"245":{"start":{"line":246,"column":0},"end":{"line":246,"column":44}},"246":{"start":{"line":247,"column":0},"end":{"line":247,"column":17}},"247":{"start":{"line":248,"column":0},"end":{"line":248,"column":1}},"248":{"start":{"line":249,"column":0},"end":{"line":249,"column":18}},"249":{"start":{"line":250,"column":0},"end":{"line":250,"column":1}},"250":{"start":{"line":251,"column":0},"end":{"line":251,"column":13}},"251":{"start":{"line":252,"column":0},"end":{"line":252,"column":2}},"253":{"start":{"line":254,"column":0},"end":{"line":254,"column":52}},"254":{"start":{"line":255,"column":0},"end":{"line":255,"column":30}},"255":{"start":{"line":256,"column":0},"end":{"line":256,"column":1}},"256":{"start":{"line":257,"column":0},"end":{"line":257,"column":28}},"257":{"start":{"line":258,"column":0},"end":{"line":258,"column":59}},"258":{"start":{"line":259,"column":0},"end":{"line":259,"column":2}},"259":{"start":{"line":260,"column":0},"end":{"line":260,"column":1}},"260":{"start":{"line":261,"column":0},"end":{"line":261,"column":28}},"261":{"start":{"line":262,"column":0},"end":{"line":262,"column":16}},"262":{"start":{"line":263,"column":0},"end":{"line":263,"column":2}},"263":{"start":{"line":264,"column":0},"end":{"line":264,"column":1}},"264":{"start":{"line":265,"column":0},"end":{"line":265,"column":34}},"265":{"start":{"line":266,"column":0},"end":{"line":266,"column":2}},"267":{"start":{"line":268,"column":0},"end":{"line":268,"column":37}},"268":{"start":{"line":269,"column":0},"end":{"line":269,"column":16}},"269":{"start":{"line":270,"column":0},"end":{"line":270,"column":48}},"270":{"start":{"line":271,"column":0},"end":{"line":271,"column":3}},"271":{"start":{"line":272,"column":0},"end":{"line":272,"column":1}},"272":{"start":{"line":273,"column":0},"end":{"line":273,"column":28}},"273":{"start":{"line":274,"column":0},"end":{"line":274,"column":25}},"274":{"start":{"line":275,"column":0},"end":{"line":275,"column":39}},"275":{"start":{"line":276,"column":0},"end":{"line":276,"column":1}},"276":{"start":{"line":277,"column":0},"end":{"line":277,"column":64}},"277":{"start":{"line":278,"column":0},"end":{"line":278,"column":19}},"278":{"start":{"line":279,"column":0},"end":{"line":279,"column":31}},"279":{"start":{"line":280,"column":0},"end":{"line":280,"column":46}},"280":{"start":{"line":281,"column":0},"end":{"line":281,"column":2}},"281":{"start":{"line":282,"column":0},"end":{"line":282,"column":1}},"282":{"start":{"line":283,"column":0},"end":{"line":283,"column":13}},"283":{"start":{"line":284,"column":0},"end":{"line":284,"column":2}},"285":{"start":{"line":286,"column":0},"end":{"line":286,"column":23}},"286":{"start":{"line":287,"column":0},"end":{"line":287,"column":44}},"287":{"start":{"line":288,"column":0},"end":{"line":288,"column":17}},"288":{"start":{"line":289,"column":0},"end":{"line":289,"column":1}},"289":{"start":{"line":290,"column":0},"end":{"line":290,"column":28}},"290":{"start":{"line":291,"column":0},"end":{"line":291,"column":1}},"291":{"start":{"line":292,"column":0},"end":{"line":292,"column":12}},"292":{"start":{"line":293,"column":0},"end":{"line":293,"column":22}},"293":{"start":{"line":294,"column":0},"end":{"line":294,"column":2}},"294":{"start":{"line":295,"column":0},"end":{"line":295,"column":7}},"295":{"start":{"line":296,"column":0},"end":{"line":296,"column":32}},"296":{"start":{"line":297,"column":0},"end":{"line":297,"column":14}},"297":{"start":{"line":298,"column":0},"end":{"line":298,"column":2}},"298":{"start":{"line":299,"column":0},"end":{"line":299,"column":2}},"300":{"start":{"line":301,"column":0},"end":{"line":301,"column":26}},"301":{"start":{"line":302,"column":0},"end":{"line":302,"column":39}},"302":{"start":{"line":303,"column":0},"end":{"line":303,"column":16}},"303":{"start":{"line":304,"column":0},"end":{"line":304,"column":48}},"304":{"start":{"line":305,"column":0},"end":{"line":305,"column":38}},"305":{"start":{"line":306,"column":0},"end":{"line":306,"column":3}},"306":{"start":{"line":307,"column":0},"end":{"line":307,"column":1}},"307":{"start":{"line":308,"column":0},"end":{"line":308,"column":20}},"308":{"start":{"line":309,"column":0},"end":{"line":309,"column":41}},"309":{"start":{"line":310,"column":0},"end":{"line":310,"column":23}},"310":{"start":{"line":311,"column":0},"end":{"line":311,"column":2}},"311":{"start":{"line":312,"column":0},"end":{"line":312,"column":14}},"312":{"start":{"line":313,"column":0},"end":{"line":313,"column":2}},"313":{"start":{"line":314,"column":0},"end":{"line":314,"column":1}},"314":{"start":{"line":315,"column":0},"end":{"line":315,"column":57}},"315":{"start":{"line":316,"column":0},"end":{"line":316,"column":19}},"316":{"start":{"line":317,"column":0},"end":{"line":317,"column":13}},"317":{"start":{"line":318,"column":0},"end":{"line":318,"column":2}},"318":{"start":{"line":319,"column":0},"end":{"line":319,"column":1}},"319":{"start":{"line":320,"column":0},"end":{"line":320,"column":34}},"320":{"start":{"line":321,"column":0},"end":{"line":321,"column":23}},"321":{"start":{"line":322,"column":0},"end":{"line":322,"column":45}},"322":{"start":{"line":323,"column":0},"end":{"line":323,"column":23}},"323":{"start":{"line":324,"column":0},"end":{"line":324,"column":19}},"324":{"start":{"line":325,"column":0},"end":{"line":325,"column":5}},"325":{"start":{"line":326,"column":0},"end":{"line":326,"column":3}},"326":{"start":{"line":327,"column":0},"end":{"line":327,"column":8}},"327":{"start":{"line":328,"column":0},"end":{"line":328,"column":27}},"328":{"start":{"line":329,"column":0},"end":{"line":329,"column":22}},"329":{"start":{"line":330,"column":0},"end":{"line":330,"column":19}},"330":{"start":{"line":331,"column":0},"end":{"line":331,"column":5}},"331":{"start":{"line":332,"column":0},"end":{"line":332,"column":3}},"332":{"start":{"line":333,"column":0},"end":{"line":333,"column":4}},"333":{"start":{"line":334,"column":0},"end":{"line":334,"column":1}},"334":{"start":{"line":335,"column":0},"end":{"line":335,"column":13}},"335":{"start":{"line":336,"column":0},"end":{"line":336,"column":1}},"337":{"start":{"line":338,"column":0},"end":{"line":338,"column":45}},"338":{"start":{"line":339,"column":0},"end":{"line":339,"column":17}},"339":{"start":{"line":340,"column":0},"end":{"line":340,"column":1}},"340":{"start":{"line":341,"column":0},"end":{"line":341,"column":32}},"341":{"start":{"line":342,"column":0},"end":{"line":342,"column":1}},"342":{"start":{"line":343,"column":0},"end":{"line":343,"column":13}},"343":{"start":{"line":344,"column":0},"end":{"line":344,"column":2}},"345":{"start":{"line":346,"column":0},"end":{"line":346,"column":40}},"346":{"start":{"line":347,"column":0},"end":{"line":347,"column":17}},"347":{"start":{"line":348,"column":0},"end":{"line":348,"column":12}},"348":{"start":{"line":349,"column":0},"end":{"line":349,"column":1}},"349":{"start":{"line":350,"column":0},"end":{"line":350,"column":23}},"350":{"start":{"line":351,"column":0},"end":{"line":351,"column":41}},"351":{"start":{"line":352,"column":0},"end":{"line":352,"column":2}},"352":{"start":{"line":353,"column":0},"end":{"line":353,"column":7}},"353":{"start":{"line":354,"column":0},"end":{"line":354,"column":21}},"354":{"start":{"line":355,"column":0},"end":{"line":355,"column":2}},"355":{"start":{"line":356,"column":0},"end":{"line":356,"column":1}},"356":{"start":{"line":357,"column":0},"end":{"line":357,"column":22}},"357":{"start":{"line":358,"column":0},"end":{"line":358,"column":2}},"359":{"start":{"line":360,"column":0},"end":{"line":360,"column":41}},"360":{"start":{"line":361,"column":0},"end":{"line":361,"column":16}},"361":{"start":{"line":362,"column":0},"end":{"line":362,"column":10}},"362":{"start":{"line":363,"column":0},"end":{"line":363,"column":7}},"363":{"start":{"line":364,"column":0},"end":{"line":364,"column":16}},"364":{"start":{"line":365,"column":0},"end":{"line":365,"column":3}},"365":{"start":{"line":366,"column":0},"end":{"line":366,"column":1}},"366":{"start":{"line":367,"column":0},"end":{"line":367,"column":23}},"367":{"start":{"line":368,"column":0},"end":{"line":368,"column":41}},"368":{"start":{"line":369,"column":0},"end":{"line":369,"column":2}},"369":{"start":{"line":370,"column":0},"end":{"line":370,"column":7}},"370":{"start":{"line":371,"column":0},"end":{"line":371,"column":47}},"371":{"start":{"line":372,"column":0},"end":{"line":372,"column":2}},"372":{"start":{"line":373,"column":0},"end":{"line":373,"column":1}},"373":{"start":{"line":374,"column":0},"end":{"line":374,"column":43}},"374":{"start":{"line":375,"column":0},"end":{"line":375,"column":14}},"375":{"start":{"line":376,"column":0},"end":{"line":376,"column":34}},"376":{"start":{"line":377,"column":0},"end":{"line":377,"column":2}},"377":{"start":{"line":378,"column":0},"end":{"line":378,"column":1}},"378":{"start":{"line":379,"column":0},"end":{"line":379,"column":24}},"379":{"start":{"line":380,"column":0},"end":{"line":380,"column":55}},"380":{"start":{"line":381,"column":0},"end":{"line":381,"column":2}},"381":{"start":{"line":382,"column":0},"end":{"line":382,"column":40}},"382":{"start":{"line":383,"column":0},"end":{"line":383,"column":16}},"383":{"start":{"line":384,"column":0},"end":{"line":384,"column":3}},"384":{"start":{"line":385,"column":0},"end":{"line":385,"column":46}},"385":{"start":{"line":386,"column":0},"end":{"line":386,"column":41}},"386":{"start":{"line":387,"column":0},"end":{"line":387,"column":6}},"387":{"start":{"line":388,"column":0},"end":{"line":388,"column":3}},"388":{"start":{"line":389,"column":0},"end":{"line":389,"column":20}},"389":{"start":{"line":390,"column":0},"end":{"line":390,"column":5}},"390":{"start":{"line":391,"column":0},"end":{"line":391,"column":2}},"391":{"start":{"line":392,"column":0},"end":{"line":392,"column":1}},"392":{"start":{"line":393,"column":0},"end":{"line":393,"column":44}},"393":{"start":{"line":394,"column":0},"end":{"line":394,"column":52}},"394":{"start":{"line":395,"column":0},"end":{"line":395,"column":2}},"395":{"start":{"line":396,"column":0},"end":{"line":396,"column":1}},"396":{"start":{"line":397,"column":0},"end":{"line":397,"column":15}},"397":{"start":{"line":398,"column":0},"end":{"line":398,"column":2}},"399":{"start":{"line":400,"column":0},"end":{"line":400,"column":44}},"400":{"start":{"line":401,"column":0},"end":{"line":401,"column":17}},"401":{"start":{"line":402,"column":0},"end":{"line":402,"column":1}},"402":{"start":{"line":403,"column":0},"end":{"line":403,"column":51}},"403":{"start":{"line":404,"column":0},"end":{"line":404,"column":46}},"404":{"start":{"line":405,"column":0},"end":{"line":405,"column":7}},"405":{"start":{"line":406,"column":0},"end":{"line":406,"column":2}},"407":{"start":{"line":408,"column":0},"end":{"line":408,"column":44}},"408":{"start":{"line":409,"column":0},"end":{"line":409,"column":17}},"409":{"start":{"line":410,"column":0},"end":{"line":410,"column":1}},"410":{"start":{"line":411,"column":0},"end":{"line":411,"column":25}},"411":{"start":{"line":412,"column":0},"end":{"line":412,"column":1}},"412":{"start":{"line":413,"column":0},"end":{"line":413,"column":41}},"413":{"start":{"line":414,"column":0},"end":{"line":414,"column":37}},"414":{"start":{"line":415,"column":0},"end":{"line":415,"column":20}},"415":{"start":{"line":416,"column":0},"end":{"line":416,"column":2}},"417":{"start":{"line":418,"column":0},"end":{"line":418,"column":44}},"418":{"start":{"line":419,"column":0},"end":{"line":419,"column":17}},"419":{"start":{"line":420,"column":0},"end":{"line":420,"column":1}},"420":{"start":{"line":421,"column":0},"end":{"line":421,"column":25}},"421":{"start":{"line":422,"column":0},"end":{"line":422,"column":1}},"422":{"start":{"line":423,"column":0},"end":{"line":423,"column":41}},"423":{"start":{"line":424,"column":0},"end":{"line":424,"column":37}},"424":{"start":{"line":425,"column":0},"end":{"line":425,"column":20}},"425":{"start":{"line":426,"column":0},"end":{"line":426,"column":2}},"427":{"start":{"line":428,"column":0},"end":{"line":428,"column":44}},"428":{"start":{"line":429,"column":0},"end":{"line":429,"column":17}},"429":{"start":{"line":430,"column":0},"end":{"line":430,"column":1}},"430":{"start":{"line":431,"column":0},"end":{"line":431,"column":25}},"431":{"start":{"line":432,"column":0},"end":{"line":432,"column":48}},"432":{"start":{"line":433,"column":0},"end":{"line":433,"column":17}},"433":{"start":{"line":434,"column":0},"end":{"line":434,"column":37}},"434":{"start":{"line":435,"column":0},"end":{"line":435,"column":3}},"435":{"start":{"line":436,"column":0},"end":{"line":436,"column":2}},"436":{"start":{"line":437,"column":0},"end":{"line":437,"column":28}},"437":{"start":{"line":438,"column":0},"end":{"line":438,"column":4}},"438":{"start":{"line":439,"column":0},"end":{"line":439,"column":1}},"439":{"start":{"line":440,"column":0},"end":{"line":440,"column":25}},"440":{"start":{"line":441,"column":0},"end":{"line":441,"column":2}},"442":{"start":{"line":443,"column":0},"end":{"line":443,"column":33}},"443":{"start":{"line":444,"column":0},"end":{"line":444,"column":40}},"444":{"start":{"line":445,"column":0},"end":{"line":445,"column":1}},"445":{"start":{"line":446,"column":0},"end":{"line":446,"column":34}},"446":{"start":{"line":447,"column":0},"end":{"line":447,"column":32}},"447":{"start":{"line":448,"column":0},"end":{"line":448,"column":32}},"448":{"start":{"line":449,"column":0},"end":{"line":449,"column":2}},"449":{"start":{"line":450,"column":0},"end":{"line":450,"column":32}},"450":{"start":{"line":451,"column":0},"end":{"line":451,"column":56}},"451":{"start":{"line":452,"column":0},"end":{"line":452,"column":56}},"452":{"start":{"line":453,"column":0},"end":{"line":453,"column":3}},"453":{"start":{"line":454,"column":0},"end":{"line":454,"column":38}},"454":{"start":{"line":455,"column":0},"end":{"line":455,"column":14}},"455":{"start":{"line":456,"column":0},"end":{"line":456,"column":4}},"456":{"start":{"line":457,"column":0},"end":{"line":457,"column":3}},"457":{"start":{"line":458,"column":0},"end":{"line":458,"column":38}},"458":{"start":{"line":459,"column":0},"end":{"line":459,"column":13}},"459":{"start":{"line":460,"column":0},"end":{"line":460,"column":4}},"460":{"start":{"line":461,"column":0},"end":{"line":461,"column":3}},"461":{"start":{"line":462,"column":0},"end":{"line":462,"column":38}},"462":{"start":{"line":463,"column":0},"end":{"line":463,"column":13}},"463":{"start":{"line":464,"column":0},"end":{"line":464,"column":4}},"464":{"start":{"line":465,"column":0},"end":{"line":465,"column":3}},"465":{"start":{"line":466,"column":0},"end":{"line":466,"column":21}},"466":{"start":{"line":467,"column":0},"end":{"line":467,"column":14}},"467":{"start":{"line":468,"column":0},"end":{"line":468,"column":4}},"468":{"start":{"line":469,"column":0},"end":{"line":469,"column":3}},"469":{"start":{"line":470,"column":0},"end":{"line":470,"column":21}},"470":{"start":{"line":471,"column":0},"end":{"line":471,"column":13}},"471":{"start":{"line":472,"column":0},"end":{"line":472,"column":4}},"472":{"start":{"line":473,"column":0},"end":{"line":473,"column":3}},"473":{"start":{"line":474,"column":0},"end":{"line":474,"column":12}},"474":{"start":{"line":475,"column":0},"end":{"line":475,"column":5}},"475":{"start":{"line":476,"column":0},"end":{"line":476,"column":4}},"476":{"start":{"line":477,"column":0},"end":{"line":477,"column":1}},"477":{"start":{"line":478,"column":0},"end":{"line":478,"column":15}},"478":{"start":{"line":479,"column":0},"end":{"line":479,"column":2}},"480":{"start":{"line":481,"column":0},"end":{"line":481,"column":35}},"481":{"start":{"line":482,"column":0},"end":{"line":482,"column":25}},"482":{"start":{"line":483,"column":0},"end":{"line":483,"column":1}},"483":{"start":{"line":484,"column":0},"end":{"line":484,"column":49}},"484":{"start":{"line":485,"column":0},"end":{"line":485,"column":76}},"485":{"start":{"line":486,"column":0},"end":{"line":486,"column":2}},"486":{"start":{"line":487,"column":0},"end":{"line":487,"column":37}},"487":{"start":{"line":488,"column":0},"end":{"line":488,"column":65}},"488":{"start":{"line":489,"column":0},"end":{"line":489,"column":3}},"489":{"start":{"line":490,"column":0},"end":{"line":490,"column":43}},"490":{"start":{"line":491,"column":0},"end":{"line":491,"column":5}},"491":{"start":{"line":492,"column":0},"end":{"line":492,"column":4}},"492":{"start":{"line":493,"column":0},"end":{"line":493,"column":1}},"493":{"start":{"line":494,"column":0},"end":{"line":494,"column":23}},"494":{"start":{"line":495,"column":0},"end":{"line":495,"column":1}},"496":{"start":{"line":497,"column":0},"end":{"line":497,"column":21}},"497":{"start":{"line":498,"column":0},"end":{"line":498,"column":58}},"498":{"start":{"line":499,"column":0},"end":{"line":499,"column":47}},"499":{"start":{"line":500,"column":0},"end":{"line":500,"column":44}},"500":{"start":{"line":501,"column":0},"end":{"line":501,"column":47}},"501":{"start":{"line":502,"column":0},"end":{"line":502,"column":1}}},"s":{"0":1,"1":1,"2":1,"3":1,"4":1,"5":1,"6":1,"7":1,"8":1,"9":1,"10":1,"11":1,"12":1,"13":1,"14":1,"15":1,"16":1,"17":1,"18":1,"19":1,"20":1,"21":1,"22":1,"23":1,"24":1,"25":1,"26":1,"27":1,"28":1,"29":1,"30":1,"31":1,"33":1,"34":1,"35":1,"36":1,"38":1,"40":16,"41":16,"42":1,"43":1,"44":16,"45":16,"46":16,"48":1,"50":39,"51":39,"52":39,"53":39,"54":39,"55":39,"56":39,"57":39,"58":39,"59":39,"60":39,"61":39,"62":39,"63":39,"64":39,"65":39,"66":39,"67":39,"68":39,"69":39,"70":39,"71":39,"72":39,"73":39,"74":39,"75":39,"76":39,"77":39,"78":39,"79":13,"80":13,"81":39,"82":39,"83":39,"84":49,"85":49,"86":49,"87":49,"88":49,"89":60,"90":60,"91":60,"92":60,"93":18,"94":18,"95":18,"96":60,"97":60,"98":62,"99":62,"100":62,"102":62,"103":1,"104":1,"105":61,"106":61,"107":61,"109":62,"110":62,"111":62,"112":62,"113":62,"114":62,"115":49,"116":49,"117":49,"118":39,"119":39,"120":39,"121":39,"122":39,"123":39,"124":39,"125":39,"126":39,"127":39,"128":39,"129":39,"130":39,"131":39,"132":39,"133":39,"134":39,"136":206,"137":206,"138":206,"139":206,"140":206,"141":206,"142":206,"143":210,"144":210,"145":210,"146":4,"147":4,"148":4,"149":206,"150":206,"151":206,"152":210,"154":206,"155":206,"157":1,"158":1,"159":1,"161":41,"162":41,"163":41,"165":1,"167":41,"168":41,"169":41,"170":41,"171":41,"172":41,"173":41,"174":41,"175":41,"176":41,"177":41,"178":41,"179":41,"180":41,"181":41,"182":41,"183":41,"184":41,"186":1,"187":1,"188":1,"189":1,"190":1,"191":1,"192":1,"193":1,"194":1,"195":1,"196":1,"197":1,"198":1,"199":1,"200":1,"201":1,"202":1,"203":1,"204":1,"205":1,"206":1,"207":1,"208":1,"209":1,"210":1,"211":1,"212":1,"213":1,"214":1,"215":1,"216":1,"217":1,"219":1,"220":1,"221":22,"222":22,"223":43,"224":43,"225":43,"226":43,"227":43,"228":43,"229":43,"230":43,"231":43,"232":43,"233":43,"234":43,"235":43,"236":43,"237":43,"238":43,"239":43,"240":43,"241":22,"242":22,"243":22,"245":1,"246":1,"247":1,"248":1,"249":1,"250":1,"251":1,"253":1,"254":23,"255":23,"256":23,"257":23,"258":23,"259":23,"260":23,"261":1,"262":1,"263":23,"264":23,"265":23,"267":1,"268":8,"269":8,"270":8,"271":8,"272":8,"273":8,"274":8,"275":8,"276":8,"277":8,"278":3,"279":3,"280":3,"281":8,"282":8,"283":8,"285":1,"286":1,"287":2,"288":2,"289":2,"290":2,"291":2,"292":1,"293":1,"294":1,"295":1,"296":1,"297":1,"298":2,"300":1,"301":1,"302":10,"303":10,"304":10,"305":10,"306":10,"307":10,"308":1,"309":1,"310":1,"311":1,"312":1,"313":9,"314":10,"315":1,"316":1,"317":1,"318":9,"319":9,"320":9,"321":2,"322":2,"323":2,"324":2,"325":2,"326":7,"327":7,"328":7,"329":7,"330":7,"331":7,"332":9,"333":9,"334":9,"335":9,"337":1,"338":2,"339":2,"340":2,"341":2,"342":2,"343":2,"345":1,"346":2,"347":2,"348":2,"349":2,"350":1,"351":1,"352":1,"353":1,"354":1,"355":2,"356":2,"357":2,"359":1,"360":34,"361":34,"362":34,"363":34,"364":34,"365":34,"366":34,"367":21,"368":21,"369":13,"370":13,"371":13,"372":34,"373":34,"374":7,"375":7,"376":7,"377":34,"378":34,"379":1,"380":1,"381":1,"382":4,"383":4,"384":4,"385":4,"386":4,"387":4,"388":4,"389":1,"390":1,"391":34,"392":34,"393":2,"394":2,"395":34,"396":34,"397":34,"399":1,"400":2,"401":2,"402":2,"403":8,"404":2,"405":2,"407":1,"408":1,"409":1,"410":1,"411":1,"412":1,"413":4,"414":1,"415":1,"417":1,"418":1,"419":1,"420":1,"421":1,"422":1,"423":4,"424":1,"425":1,"427":1,"428":1,"429":1,"430":1,"431":1,"432":3,"433":1,"434":1,"435":2,"436":2,"437":1,"438":1,"439":1,"440":1,"442":7,"443":7,"444":7,"445":7,"446":8,"447":8,"448":8,"449":8,"450":34,"451":34,"452":34,"453":34,"454":4,"455":4,"456":30,"457":34,"458":5,"459":5,"460":25,"461":34,"462":2,"463":2,"464":23,"465":34,"466":13,"467":13,"468":10,"469":34,"470":7,"471":7,"472":3,"473":3,"474":8,"475":7,"476":7,"477":7,"478":7,"480":2,"481":2,"482":2,"483":2,"484":2,"485":2,"486":2,"487":5,"488":5,"489":5,"490":2,"491":2,"492":2,"493":2,"494":2,"496":60,"497":60,"498":60,"499":60,"500":60,"501":60},"branchMap":{"0":{"type":"branch","line":221,"loc":{"start":{"line":221,"column":41},"end":{"line":244,"column":1}},"locations":[{"start":{"line":221,"column":41},"end":{"line":244,"column":1}}]},"1":{"type":"branch","line":41,"loc":{"start":{"line":41,"column":0},"end":{"line":47,"column":1}},"locations":[{"start":{"line":41,"column":0},"end":{"line":47,"column":1}}]},"2":{"type":"branch","line":42,"loc":{"start":{"line":42,"column":26},"end":{"line":44,"column":2}},"locations":[{"start":{"line":42,"column":26},"end":{"line":44,"column":2}}]},"3":{"type":"branch","line":51,"loc":{"start":{"line":51,"column":0},"end":{"line":135,"column":1}},"locations":[{"start":{"line":51,"column":0},"end":{"line":135,"column":1}}]},"4":{"type":"branch","line":79,"loc":{"start":{"line":79,"column":30},"end":{"line":81,"column":2}},"locations":[{"start":{"line":79,"column":30},"end":{"line":81,"column":2}}]},"5":{"type":"branch","line":84,"loc":{"start":{"line":84,"column":59},"end":{"line":119,"column":2}},"locations":[{"start":{"line":84,"column":59},"end":{"line":119,"column":2}}]},"6":{"type":"branch","line":89,"loc":{"start":{"line":89,"column":31},"end":{"line":116,"column":3}},"locations":[{"start":{"line":89,"column":31},"end":{"line":116,"column":3}}]},"7":{"type":"branch","line":93,"loc":{"start":{"line":93,"column":35},"end":{"line":96,"column":4}},"locations":[{"start":{"line":93,"column":35},"end":{"line":96,"column":4}}]},"8":{"type":"branch","line":98,"loc":{"start":{"line":98,"column":77},"end":{"line":115,"column":4}},"locations":[{"start":{"line":98,"column":77},"end":{"line":115,"column":4}}]},"9":{"type":"branch","line":103,"loc":{"start":{"line":103,"column":19},"end":{"line":103,"column":60}},"locations":[{"start":{"line":103,"column":19},"end":{"line":103,"column":60}}]},"10":{"type":"branch","line":103,"loc":{"start":{"line":103,"column":62},"end":{"line":105,"column":5}},"locations":[{"start":{"line":103,"column":62},"end":{"line":105,"column":5}}]},"11":{"type":"branch","line":105,"loc":{"start":{"line":105,"column":4},"end":{"line":108,"column":5}},"locations":[{"start":{"line":105,"column":4},"end":{"line":108,"column":5}}]},"12":{"type":"branch","line":137,"loc":{"start":{"line":137,"column":0},"end":{"line":156,"column":1}},"locations":[{"start":{"line":137,"column":0},"end":{"line":156,"column":1}}]},"13":{"type":"branch","line":143,"loc":{"start":{"line":143,"column":41},"end":{"line":153,"column":2}},"locations":[{"start":{"line":143,"column":41},"end":{"line":153,"column":2}}]},"14":{"type":"branch","line":146,"loc":{"start":{"line":146,"column":71},"end":{"line":149,"column":3}},"locations":[{"start":{"line":146,"column":71},"end":{"line":149,"column":3}}]},"15":{"type":"branch","line":149,"loc":{"start":{"line":149,"column":2},"end":{"line":152,"column":3}},"locations":[{"start":{"line":149,"column":2},"end":{"line":152,"column":3}}]},"16":{"type":"branch","line":155,"loc":{"start":{"line":155,"column":15},"end":{"line":155,"column":26}},"locations":[{"start":{"line":155,"column":15},"end":{"line":155,"column":26}}]},"17":{"type":"branch","line":155,"loc":{"start":{"line":155,"column":27},"end":{"line":155,"column":36}},"locations":[{"start":{"line":155,"column":27},"end":{"line":155,"column":36}}]},"18":{"type":"branch","line":162,"loc":{"start":{"line":162,"column":0},"end":{"line":164,"column":1}},"locations":[{"start":{"line":162,"column":0},"end":{"line":164,"column":1}}]},"19":{"type":"branch","line":168,"loc":{"start":{"line":168,"column":0},"end":{"line":185,"column":1}},"locations":[{"start":{"line":168,"column":0},"end":{"line":185,"column":1}}]},"20":{"type":"branch","line":222,"loc":{"start":{"line":222,"column":2},"end":{"line":243,"column":2}},"locations":[{"start":{"line":222,"column":2},"end":{"line":243,"column":2}}]},"21":{"type":"branch","line":223,"loc":{"start":{"line":223,"column":35},"end":{"line":242,"column":3}},"locations":[{"start":{"line":223,"column":35},"end":{"line":242,"column":3}}]},"22":{"type":"branch","line":228,"loc":{"start":{"line":228,"column":57},"end":{"line":228,"column":62}},"locations":[{"start":{"line":228,"column":57},"end":{"line":228,"column":62}}]},"23":{"type":"branch","line":246,"loc":{"start":{"line":246,"column":27},"end":{"line":252,"column":2}},"locations":[{"start":{"line":246,"column":27},"end":{"line":252,"column":2}}]},"24":{"type":"branch","line":254,"loc":{"start":{"line":254,"column":35},"end":{"line":266,"column":2}},"locations":[{"start":{"line":254,"column":35},"end":{"line":266,"column":2}}]},"25":{"type":"branch","line":261,"loc":{"start":{"line":261,"column":27},"end":{"line":263,"column":2}},"locations":[{"start":{"line":261,"column":27},"end":{"line":263,"column":2}}]},"26":{"type":"branch","line":268,"loc":{"start":{"line":268,"column":24},"end":{"line":284,"column":2}},"locations":[{"start":{"line":268,"column":24},"end":{"line":284,"column":2}}]},"27":{"type":"branch","line":278,"loc":{"start":{"line":278,"column":18},"end":{"line":281,"column":2}},"locations":[{"start":{"line":278,"column":18},"end":{"line":281,"column":2}}]},"28":{"type":"branch","line":287,"loc":{"start":{"line":287,"column":28},"end":{"line":299,"column":2}},"locations":[{"start":{"line":287,"column":28},"end":{"line":299,"column":2}}]},"29":{"type":"branch","line":292,"loc":{"start":{"line":292,"column":11},"end":{"line":298,"column":2}},"locations":[{"start":{"line":292,"column":11},"end":{"line":298,"column":2}}]},"30":{"type":"branch","line":302,"loc":{"start":{"line":302,"column":26},"end":{"line":336,"column":1}},"locations":[{"start":{"line":302,"column":26},"end":{"line":336,"column":1}}]},"31":{"type":"branch","line":308,"loc":{"start":{"line":308,"column":19},"end":{"line":313,"column":2}},"locations":[{"start":{"line":308,"column":19},"end":{"line":313,"column":2}}]},"32":{"type":"branch","line":313,"loc":{"start":{"line":313,"column":1},"end":{"line":315,"column":22}},"locations":[{"start":{"line":313,"column":1},"end":{"line":315,"column":22}}]},"33":{"type":"branch","line":315,"loc":{"start":{"line":315,"column":22},"end":{"line":315,"column":54}},"locations":[{"start":{"line":315,"column":22},"end":{"line":315,"column":54}}]},"34":{"type":"branch","line":315,"loc":{"start":{"line":315,"column":56},"end":{"line":318,"column":2}},"locations":[{"start":{"line":315,"column":56},"end":{"line":318,"column":2}}]},"35":{"type":"branch","line":318,"loc":{"start":{"line":318,"column":1},"end":{"line":336,"column":1}},"locations":[{"start":{"line":318,"column":1},"end":{"line":336,"column":1}}]},"36":{"type":"branch","line":305,"loc":{"start":{"line":305,"column":13},"end":{"line":305,"column":38}},"locations":[{"start":{"line":305,"column":13},"end":{"line":305,"column":38}}]},"37":{"type":"branch","line":320,"loc":{"start":{"line":320,"column":14},"end":{"line":333,"column":2}},"locations":[{"start":{"line":320,"column":14},"end":{"line":333,"column":2}}]},"38":{"type":"branch","line":321,"loc":{"start":{"line":321,"column":22},"end":{"line":326,"column":3}},"locations":[{"start":{"line":321,"column":22},"end":{"line":326,"column":3}}]},"39":{"type":"branch","line":326,"loc":{"start":{"line":326,"column":2},"end":{"line":332,"column":3}},"locations":[{"start":{"line":326,"column":2},"end":{"line":332,"column":3}}]},"40":{"type":"branch","line":338,"loc":{"start":{"line":338,"column":27},"end":{"line":344,"column":2}},"locations":[{"start":{"line":338,"column":27},"end":{"line":344,"column":2}}]},"41":{"type":"branch","line":346,"loc":{"start":{"line":346,"column":27},"end":{"line":358,"column":2}},"locations":[{"start":{"line":346,"column":27},"end":{"line":358,"column":2}}]},"42":{"type":"branch","line":350,"loc":{"start":{"line":350,"column":22},"end":{"line":355,"column":2}},"locations":[{"start":{"line":350,"column":22},"end":{"line":355,"column":2}}]},"43":{"type":"branch","line":360,"loc":{"start":{"line":360,"column":28},"end":{"line":398,"column":2}},"locations":[{"start":{"line":360,"column":28},"end":{"line":398,"column":2}}]},"44":{"type":"branch","line":367,"loc":{"start":{"line":367,"column":22},"end":{"line":369,"column":2}},"locations":[{"start":{"line":367,"column":22},"end":{"line":369,"column":2}}]},"45":{"type":"branch","line":369,"loc":{"start":{"line":369,"column":1},"end":{"line":372,"column":2}},"locations":[{"start":{"line":369,"column":1},"end":{"line":372,"column":2}}]},"46":{"type":"branch","line":374,"loc":{"start":{"line":374,"column":42},"end":{"line":377,"column":2}},"locations":[{"start":{"line":374,"column":42},"end":{"line":377,"column":2}}]},"47":{"type":"branch","line":379,"loc":{"start":{"line":379,"column":23},"end":{"line":391,"column":2}},"locations":[{"start":{"line":379,"column":23},"end":{"line":391,"column":2}}]},"48":{"type":"branch","line":393,"loc":{"start":{"line":393,"column":43},"end":{"line":395,"column":2}},"locations":[{"start":{"line":393,"column":43},"end":{"line":395,"column":2}}]},"49":{"type":"branch","line":382,"loc":{"start":{"line":382,"column":17},"end":{"line":390,"column":3}},"locations":[{"start":{"line":382,"column":17},"end":{"line":390,"column":3}}]},"50":{"type":"branch","line":385,"loc":{"start":{"line":385,"column":24},"end":{"line":387,"column":4}},"locations":[{"start":{"line":385,"column":24},"end":{"line":387,"column":4}}]},"51":{"type":"branch","line":400,"loc":{"start":{"line":400,"column":25},"end":{"line":406,"column":2}},"locations":[{"start":{"line":400,"column":25},"end":{"line":406,"column":2}}]},"52":{"type":"branch","line":403,"loc":{"start":{"line":403,"column":29},"end":{"line":405,"column":2}},"locations":[{"start":{"line":403,"column":29},"end":{"line":405,"column":2}}]},"53":{"type":"branch","line":404,"loc":{"start":{"line":404,"column":41},"end":{"line":404,"column":45}},"locations":[{"start":{"line":404,"column":41},"end":{"line":404,"column":45}}]},"54":{"type":"branch","line":408,"loc":{"start":{"line":408,"column":25},"end":{"line":416,"column":2}},"locations":[{"start":{"line":408,"column":25},"end":{"line":416,"column":2}}]},"55":{"type":"branch","line":413,"loc":{"start":{"line":413,"column":19},"end":{"line":415,"column":2}},"locations":[{"start":{"line":413,"column":19},"end":{"line":415,"column":2}}]},"56":{"type":"branch","line":418,"loc":{"start":{"line":418,"column":25},"end":{"line":426,"column":2}},"locations":[{"start":{"line":418,"column":25},"end":{"line":426,"column":2}}]},"57":{"type":"branch","line":423,"loc":{"start":{"line":423,"column":19},"end":{"line":425,"column":2}},"locations":[{"start":{"line":423,"column":19},"end":{"line":425,"column":2}}]},"58":{"type":"branch","line":428,"loc":{"start":{"line":428,"column":25},"end":{"line":441,"column":2}},"locations":[{"start":{"line":428,"column":25},"end":{"line":441,"column":2}}]},"59":{"type":"branch","line":432,"loc":{"start":{"line":432,"column":22},"end":{"line":438,"column":2}},"locations":[{"start":{"line":432,"column":22},"end":{"line":438,"column":2}}]},"60":{"type":"branch","line":433,"loc":{"start":{"line":433,"column":16},"end":{"line":435,"column":3}},"locations":[{"start":{"line":433,"column":16},"end":{"line":435,"column":3}}]},"61":{"type":"branch","line":435,"loc":{"start":{"line":435,"column":2},"end":{"line":438,"column":2}},"locations":[{"start":{"line":435,"column":2},"end":{"line":438,"column":2}}]},"62":{"type":"branch","line":443,"loc":{"start":{"line":443,"column":0},"end":{"line":479,"column":2}},"locations":[{"start":{"line":443,"column":0},"end":{"line":479,"column":2}}]},"63":{"type":"branch","line":446,"loc":{"start":{"line":446,"column":14},"end":{"line":476,"column":2}},"locations":[{"start":{"line":446,"column":14},"end":{"line":476,"column":2}}]},"64":{"type":"branch","line":450,"loc":{"start":{"line":450,"column":15},"end":{"line":475,"column":3}},"locations":[{"start":{"line":450,"column":15},"end":{"line":475,"column":3}}]},"65":{"type":"branch","line":451,"loc":{"start":{"line":451,"column":37},"end":{"line":451,"column":45}},"locations":[{"start":{"line":451,"column":37},"end":{"line":451,"column":45}}]},"66":{"type":"branch","line":451,"loc":{"start":{"line":451,"column":46},"end":{"line":451,"column":54}},"locations":[{"start":{"line":451,"column":46},"end":{"line":451,"column":54}}]},"67":{"type":"branch","line":452,"loc":{"start":{"line":452,"column":37},"end":{"line":452,"column":45}},"locations":[{"start":{"line":452,"column":37},"end":{"line":452,"column":45}}]},"68":{"type":"branch","line":452,"loc":{"start":{"line":452,"column":46},"end":{"line":452,"column":54}},"locations":[{"start":{"line":452,"column":46},"end":{"line":452,"column":54}}]},"69":{"type":"branch","line":454,"loc":{"start":{"line":454,"column":20},"end":{"line":454,"column":35}},"locations":[{"start":{"line":454,"column":20},"end":{"line":454,"column":35}}]},"70":{"type":"branch","line":454,"loc":{"start":{"line":454,"column":37},"end":{"line":456,"column":4}},"locations":[{"start":{"line":454,"column":37},"end":{"line":456,"column":4}}]},"71":{"type":"branch","line":456,"loc":{"start":{"line":456,"column":3},"end":{"line":458,"column":20}},"locations":[{"start":{"line":456,"column":3},"end":{"line":458,"column":20}}]},"72":{"type":"branch","line":458,"loc":{"start":{"line":458,"column":20},"end":{"line":458,"column":35}},"locations":[{"start":{"line":458,"column":20},"end":{"line":458,"column":35}}]},"73":{"type":"branch","line":458,"loc":{"start":{"line":458,"column":37},"end":{"line":460,"column":4}},"locations":[{"start":{"line":458,"column":37},"end":{"line":460,"column":4}}]},"74":{"type":"branch","line":460,"loc":{"start":{"line":460,"column":3},"end":{"line":462,"column":20}},"locations":[{"start":{"line":460,"column":3},"end":{"line":462,"column":20}}]},"75":{"type":"branch","line":462,"loc":{"start":{"line":462,"column":20},"end":{"line":462,"column":35}},"locations":[{"start":{"line":462,"column":20},"end":{"line":462,"column":35}}]},"76":{"type":"branch","line":462,"loc":{"start":{"line":462,"column":37},"end":{"line":464,"column":4}},"locations":[{"start":{"line":462,"column":37},"end":{"line":464,"column":4}}]},"77":{"type":"branch","line":464,"loc":{"start":{"line":464,"column":3},"end":{"line":466,"column":20}},"locations":[{"start":{"line":464,"column":3},"end":{"line":466,"column":20}}]},"78":{"type":"branch","line":466,"loc":{"start":{"line":466,"column":20},"end":{"line":468,"column":4}},"locations":[{"start":{"line":466,"column":20},"end":{"line":468,"column":4}}]},"79":{"type":"branch","line":468,"loc":{"start":{"line":468,"column":3},"end":{"line":470,"column":20}},"locations":[{"start":{"line":468,"column":3},"end":{"line":470,"column":20}}]},"80":{"type":"branch","line":470,"loc":{"start":{"line":470,"column":20},"end":{"line":472,"column":4}},"locations":[{"start":{"line":470,"column":20},"end":{"line":472,"column":4}}]},"81":{"type":"branch","line":472,"loc":{"start":{"line":472,"column":3},"end":{"line":475,"column":2}},"locations":[{"start":{"line":472,"column":3},"end":{"line":475,"column":2}}]},"82":{"type":"branch","line":481,"loc":{"start":{"line":481,"column":0},"end":{"line":495,"column":1}},"locations":[{"start":{"line":481,"column":0},"end":{"line":495,"column":1}}]},"83":{"type":"branch","line":484,"loc":{"start":{"line":484,"column":28},"end":{"line":492,"column":2}},"locations":[{"start":{"line":484,"column":28},"end":{"line":492,"column":2}}]},"84":{"type":"branch","line":487,"loc":{"start":{"line":487,"column":18},"end":{"line":491,"column":3}},"locations":[{"start":{"line":487,"column":18},"end":{"line":491,"column":3}}]},"85":{"type":"branch","line":488,"loc":{"start":{"line":488,"column":59},"end":{"line":488,"column":64}},"locations":[{"start":{"line":488,"column":59},"end":{"line":488,"column":64}}]},"86":{"type":"branch","line":497,"loc":{"start":{"line":497,"column":0},"end":{"line":502,"column":1}},"locations":[{"start":{"line":497,"column":0},"end":{"line":502,"column":1}}]}},"b":{"0":[22],"1":[16],"2":[1],"3":[39],"4":[13],"5":[49],"6":[60],"7":[18],"8":[62],"9":[49],"10":[1],"11":[61],"12":[206],"13":[210],"14":[4],"15":[206],"16":[4],"17":[202],"18":[41],"19":[41],"20":[22],"21":[43],"22":[42],"23":[1],"24":[23],"25":[1],"26":[8],"27":[3],"28":[2],"29":[1],"30":[10],"31":[1],"32":[9],"33":[1],"34":[1],"35":[9],"36":[56],"37":[9],"38":[2],"39":[7],"40":[2],"41":[2],"42":[1],"43":[34],"44":[21],"45":[13],"46":[7],"47":[1],"48":[2],"49":[4],"50":[4],"51":[2],"52":[8],"53":[2],"54":[1],"55":[4],"56":[1],"57":[4],"58":[1],"59":[3],"60":[1],"61":[2],"62":[7],"63":[8],"64":[34],"65":[9],"66":[25],"67":[9],"68":[25],"69":[6],"70":[4],"71":[30],"72":[28],"73":[5],"74":[25],"75":[2],"76":[2],"77":[23],"78":[13],"79":[10],"80":[7],"81":[3],"82":[2],"83":[2],"84":[5],"85":[3],"86":[60]},"fnMap":{"0":{"name":"and","decl":{"start":{"line":35,"column":9},"end":{"line":35,"column":41}},"loc":{"start":{"line":35,"column":9},"end":{"line":35,"column":41}},"line":35},"1":{"name":"or","decl":{"start":{"line":36,"column":8},"end":{"line":36,"column":40}},"loc":{"start":{"line":36,"column":8},"end":{"line":36,"column":40}},"line":36},"2":{"name":"filter","decl":{"start":{"line":41,"column":0},"end":{"line":47,"column":1}},"loc":{"start":{"line":41,"column":0},"end":{"line":47,"column":1}},"line":41},"3":{"name":"createFilterFunction","decl":{"start":{"line":51,"column":0},"end":{"line":135,"column":1}},"loc":{"start":{"line":51,"column":0},"end":{"line":135,"column":1}},"line":51},"4":{"name":"getValue","decl":{"start":{"line":137,"column":0},"end":{"line":156,"column":1}},"loc":{"start":{"line":137,"column":0},"end":{"line":156,"column":1}},"line":137},"5":{"name":"using","decl":{"start":{"line":162,"column":0},"end":{"line":164,"column":1}},"loc":{"start":{"line":162,"column":0},"end":{"line":164,"column":1}},"line":162},"6":{"name":"Selector","decl":{"start":{"line":168,"column":0},"end":{"line":185,"column":1}},"loc":{"start":{"line":168,"column":0},"end":{"line":185,"column":1}},"line":168},"7":{"name":"Selector.<computed>","decl":{"start":{"line":223,"column":35},"end":{"line":242,"column":3}},"loc":{"start":{"line":223,"column":35},"end":{"line":242,"column":3}},"line":223},"8":{"name":"Selector.using","decl":{"start":{"line":246,"column":27},"end":{"line":252,"column":2}},"loc":{"start":{"line":246,"column":27},"end":{"line":252,"column":2}},"line":246},"9":{"name":"Selector.executeFilter","decl":{"start":{"line":254,"column":35},"end":{"line":266,"column":2}},"loc":{"start":{"line":254,"column":35},"end":{"line":266,"column":2}},"line":254},"10":{"name":"Selector.or","decl":{"start":{"line":268,"column":24},"end":{"line":284,"column":2}},"loc":{"start":{"line":268,"column":24},"end":{"line":284,"column":2}},"line":268},"11":{"name":"Selector.filter","decl":{"start":{"line":287,"column":28},"end":{"line":299,"column":2}},"loc":{"start":{"line":287,"column":28},"end":{"line":299,"column":2}},"line":287},"12":{"name":"Selector.sort","decl":{"start":{"line":302,"column":26},"end":{"line":336,"column":1}},"loc":{"start":{"line":302,"column":26},"end":{"line":336,"column":1}},"line":302},"13":{"name":"coerce","decl":{"start":{"line":305,"column":13},"end":{"line":305,"column":38}},"loc":{"start":{"line":305,"column":13},"end":{"line":305,"column":38}},"line":305},"14":{"name":"Selector.group","decl":{"start":{"line":338,"column":27},"end":{"line":344,"column":2}},"loc":{"start":{"line":338,"column":27},"end":{"line":344,"column":2}},"line":338},"15":{"name":"Selector.count","decl":{"start":{"line":346,"column":27},"end":{"line":358,"column":2}},"loc":{"start":{"line":346,"column":27},"end":{"line":358,"column":2}},"line":346},"16":{"name":"Selector.select","decl":{"start":{"line":360,"column":28},"end":{"line":398,"column":2}},"loc":{"start":{"line":360,"column":28},"end":{"line":398,"column":2}},"line":360},"17":{"name":"Selector.sum","decl":{"start":{"line":400,"column":25},"end":{"line":406,"column":2}},"loc":{"start":{"line":400,"column":25},"end":{"line":406,"column":2}},"line":400},"18":{"name":"Selector.max","decl":{"start":{"line":408,"column":25},"end":{"line":416,"column":2}},"loc":{"start":{"line":408,"column":25},"end":{"line":416,"column":2}},"line":408},"19":{"name":"Selector.min","decl":{"start":{"line":418,"column":25},"end":{"line":426,"column":2}},"loc":{"start":{"line":418,"column":25},"end":{"line":426,"column":2}},"line":418},"20":{"name":"Selector.avg","decl":{"start":{"line":428,"column":25},"end":{"line":441,"column":2}},"loc":{"start":{"line":428,"column":25},"end":{"line":441,"column":2}},"line":428},"21":{"name":"doSort","decl":{"start":{"line":443,"column":0},"end":{"line":479,"column":2}},"loc":{"start":{"line":443,"column":0},"end":{"line":479,"column":2}},"line":443},"22":{"name":"doGroup","decl":{"start":{"line":481,"column":0},"end":{"line":495,"column":1}},"loc":{"start":{"line":481,"column":0},"end":{"line":495,"column":1}},"line":481},"23":{"name":"clean","decl":{"start":{"line":497,"column":0},"end":{"line":502,"column":1}},"loc":{"start":{"line":497,"column":0},"end":{"line":502,"column":1}},"line":497}},"f":{"0":0,"1":0,"2":16,"3":39,"4":206,"5":41,"6":41,"7":43,"8":1,"9":23,"10":8,"11":2,"12":10,"13":56,"14":2,"15":2,"16":34,"17":2,"18":1,"19":1,"20":1,"21":7,"22":2,"23":60}}
}
